[2024-02-04 20:45:40,436 INFO com.nopcommerce.user.Level_14_Log_ReportNG] - Register - Step_01: Navigate to Register page
[2024-02-04 20:45:41,613 INFO com.nopcommerce.user.Level_14_Log_ReportNG] - Register - Step_02: Input to first name text box isTran
[2024-02-04 20:45:41,875 INFO com.nopcommerce.user.Level_14_Log_ReportNG] - Register - Step_03: Input to last name text box isThuy
[2024-02-04 20:45:41,959 INFO com.nopcommerce.user.Level_14_Log_ReportNG] - Register - Step_04: Input to email text box isabc3232@gmail.com
[2024-02-04 20:45:42,037 INFO com.nopcommerce.user.Level_14_Log_ReportNG] - Register - Step_05: Input to password text box is123456
[2024-02-04 20:45:42,100 INFO com.nopcommerce.user.Level_14_Log_ReportNG] - Register - Step_06: Input to confirm password text box is123456
[2024-02-04 20:45:42,179 INFO com.nopcommerce.user.Level_14_Log_ReportNG] - Register - Step_07: Click to Register button
[2024-02-04 20:45:42,816 INFO com.nopcommerce.user.Level_14_Log_ReportNG] - Register - Step_08: veryfy register sucess message
[2024-02-04 20:45:42,948 INFO com.nopcommerce.user.Level_14_Log_ReportNG] -  -------------------------- PASSED -------------------------- 
[2024-02-04 20:45:42,949 INFO com.nopcommerce.user.Level_14_Log_ReportNG] - Register - Step_09: Click to continue button
[2024-02-04 20:45:43,341 INFO com.nopcommerce.user.Level_14_Log_ReportNG] - Login - Step_01: Navigate to login page
[2024-02-04 20:45:43,843 INFO com.nopcommerce.user.Level_14_Log_ReportNG] - Login - Step_02: Input to email text box isabc3232@gmail.com
[2024-02-04 20:45:44,009 INFO com.nopcommerce.user.Level_14_Log_ReportNG] - Login - Step_03: Input to password text box is123456
[2024-02-04 20:45:44,151 INFO com.nopcommerce.user.Level_14_Log_ReportNG] - Login - Step_04: Click to login button
[2024-02-04 20:45:44,806 INFO com.nopcommerce.user.Level_14_Log_ReportNG] - Login - Step_05: veryfy my account link is displayed
[2024-02-04 20:45:44,976 INFO com.nopcommerce.user.Level_14_Log_ReportNG] -  -------------------------- PASSED -------------------------- 
[2024-02-04 20:45:44,977 INFO com.nopcommerce.user.Level_14_Log_ReportNG] - Login - Step_06: Navigate to My Account page
[2024-02-04 20:45:45,352 INFO com.nopcommerce.user.Level_14_Log_ReportNG] - Login - Step_07: verify customer info page is displayed
[2024-02-04 20:45:45,513 INFO com.nopcommerce.user.Level_14_Log_ReportNG] -  -------------------------- PASSED -------------------------- 
[2024-02-04 21:06:30,205 INFO com.nopcommerce.user.Level_14_Log_ReportNG] - Register - Step_01: Navigate to Register page
[2024-02-04 21:06:32,020 INFO com.nopcommerce.user.Level_14_Log_ReportNG] - Register - Step_02: Input to first name text box isTran
[2024-02-04 21:06:32,287 INFO com.nopcommerce.user.Level_14_Log_ReportNG] - Register - Step_03: Input to last name text box isThuy
[2024-02-04 21:06:32,387 INFO com.nopcommerce.user.Level_14_Log_ReportNG] - Register - Step_04: Input to email text box isabc6569@gmail.com
[2024-02-04 21:06:32,479 INFO com.nopcommerce.user.Level_14_Log_ReportNG] - Register - Step_05: Input to password text box is123456
[2024-02-04 21:06:32,548 INFO com.nopcommerce.user.Level_14_Log_ReportNG] - Register - Step_06: Input to confirm password text box is123456
[2024-02-04 21:06:32,613 INFO com.nopcommerce.user.Level_14_Log_ReportNG] - Register - Step_07: Click to Register button
[2024-02-04 21:06:33,254 INFO com.nopcommerce.user.Level_14_Log_ReportNG] - Register - Step_08: veryfy register sucess message
[2024-02-04 21:06:33,382 INFO com.nopcommerce.user.Level_14_Log_ReportNG] -  -------------------------- PASSED -------------------------- 
[2024-02-04 21:06:33,382 INFO com.nopcommerce.user.Level_14_Log_ReportNG] - Register - Step_09: Click to continue button
[2024-02-04 21:06:33,767 INFO com.nopcommerce.user.Level_14_Log_ReportNG] - Login - Step_01: Navigate to login page
[2024-02-04 21:06:34,234 INFO com.nopcommerce.user.Level_14_Log_ReportNG] - Login - Step_02: Input to email text box isabc6569@gmail.com
[2024-02-04 21:06:34,354 INFO com.nopcommerce.user.Level_14_Log_ReportNG] - Login - Step_03: Input to password text box is123456
[2024-02-04 21:06:34,413 INFO com.nopcommerce.user.Level_14_Log_ReportNG] - Login - Step_04: Click to login button
[2024-02-04 21:06:35,009 INFO com.nopcommerce.user.Level_14_Log_ReportNG] - Login - Step_05: veryfy my account link is displayed
[2024-02-04 21:06:35,191 INFO com.nopcommerce.user.Level_14_Log_ReportNG] -  -------------------------- PASSED -------------------------- 
[2024-02-04 21:06:35,191 INFO com.nopcommerce.user.Level_14_Log_ReportNG] - Login - Step_06: Navigate to My Account page
[2024-02-04 21:06:35,530 INFO com.nopcommerce.user.Level_14_Log_ReportNG] - Login - Step_07: verify customer info page is displayed
[2024-02-04 21:06:35,653 INFO com.nopcommerce.user.Level_14_Log_ReportNG] -  -------------------------- PASSED -------------------------- 
[2024-02-04 22:59:18,947 INFO com.nopcommerce.user.Level_15_ReportNG_Screenshot] - Register - Step_01: Navigate to Register page
[2024-02-04 22:59:20,033 INFO com.nopcommerce.user.Level_15_ReportNG_Screenshot] - Register - Step_02: Input to first name text box isTran
[2024-02-04 22:59:20,556 INFO com.nopcommerce.user.Level_15_ReportNG_Screenshot] - Register - Step_03: Input to last name text box isThuy
[2024-02-04 22:59:20,734 INFO com.nopcommerce.user.Level_15_ReportNG_Screenshot] - Register - Step_04: Input to email text box isabc9658@gmail.com
[2024-02-04 22:59:20,804 INFO com.nopcommerce.user.Level_15_ReportNG_Screenshot] - Register - Step_05: Input to password text box is123456
[2024-02-04 22:59:20,863 INFO com.nopcommerce.user.Level_15_ReportNG_Screenshot] - Register - Step_06: Input to confirm password text box is123456
[2024-02-04 22:59:20,934 INFO com.nopcommerce.user.Level_15_ReportNG_Screenshot] - Register - Step_07: Click to Register button
[2024-02-04 22:59:21,625 INFO com.nopcommerce.user.Level_15_ReportNG_Screenshot] - Register - Step_08: veryfy register sucess message
[2024-02-04 22:59:21,824 INFO com.nopcommerce.user.Level_15_ReportNG_Screenshot] -  -------------------------- FAILED -------------------------- 
[2024-02-04 22:59:21,825 INFO com.nopcommerce.user.Level_15_ReportNG_Screenshot] - Register - Step_09: Click to continue button
[2024-02-04 22:59:22,904 INFO com.nopcommerce.user.Level_15_ReportNG_Screenshot] - Login - Step_01: Navigate to login page
[2024-02-04 22:59:23,327 INFO com.nopcommerce.user.Level_15_ReportNG_Screenshot] - Login - Step_02: Input to email text box isabc9658@gmail.com
[2024-02-04 22:59:23,483 INFO com.nopcommerce.user.Level_15_ReportNG_Screenshot] - Login - Step_03: Input to password text box is123456
[2024-02-04 22:59:23,561 INFO com.nopcommerce.user.Level_15_ReportNG_Screenshot] - Login - Step_04: Click to login button
[2024-02-04 22:59:24,226 INFO com.nopcommerce.user.Level_15_ReportNG_Screenshot] - Login - Step_05: veryfy my account link is displayed
[2024-02-04 22:59:24,491 INFO com.nopcommerce.user.Level_15_ReportNG_Screenshot] -  -------------------------- FAILED -------------------------- 
[2024-02-04 22:59:24,491 INFO com.nopcommerce.user.Level_15_ReportNG_Screenshot] - Login - Step_06: Navigate to My Account page
[2024-02-04 22:59:24,968 INFO com.nopcommerce.user.Level_15_ReportNG_Screenshot] - Login - Step_07: verify customer info page is displayed
[2024-02-04 22:59:25,094 INFO com.nopcommerce.user.Level_15_ReportNG_Screenshot] -  -------------------------- FAILED -------------------------- 
[2024-02-04 23:06:38,033 INFO com.nopcommerce.user.Level_15_ReportNG_Screenshot] - Register - Step_01: Navigate to Register page
[2024-02-04 23:06:39,133 INFO com.nopcommerce.user.Level_15_ReportNG_Screenshot] - Register - Step_02: Input to first name text box isTran
[2024-02-04 23:06:39,391 INFO com.nopcommerce.user.Level_15_ReportNG_Screenshot] - Register - Step_03: Input to last name text box isThuy
[2024-02-04 23:06:39,459 INFO com.nopcommerce.user.Level_15_ReportNG_Screenshot] - Register - Step_04: Input to email text box isabc1479@gmail.com
[2024-02-04 23:06:39,527 INFO com.nopcommerce.user.Level_15_ReportNG_Screenshot] - Register - Step_05: Input to password text box is123456
[2024-02-04 23:06:39,581 INFO com.nopcommerce.user.Level_15_ReportNG_Screenshot] - Register - Step_06: Input to confirm password text box is123456
[2024-02-04 23:06:39,645 INFO com.nopcommerce.user.Level_15_ReportNG_Screenshot] - Register - Step_07: Click to Register button
[2024-02-04 23:06:40,310 INFO com.nopcommerce.user.Level_15_ReportNG_Screenshot] - Register - Step_08: veryfy register sucess message
[2024-02-04 23:06:40,420 INFO com.nopcommerce.user.Level_15_ReportNG_Screenshot] - Register - Step_09: Click to continue button
[2024-02-04 23:06:40,852 INFO com.nopcommerce.user.Level_15_ReportNG_Screenshot] - Login - Step_01: Navigate to login page
[2024-02-04 23:06:41,529 INFO com.nopcommerce.user.Level_15_ReportNG_Screenshot] - Login - Step_02: Input to email text box isabc1479@gmail.com
[2024-02-04 23:06:41,666 INFO com.nopcommerce.user.Level_15_ReportNG_Screenshot] - Login - Step_03: Input to password text box is123456
[2024-02-04 23:06:41,739 INFO com.nopcommerce.user.Level_15_ReportNG_Screenshot] - Login - Step_04: Click to login button
[2024-02-04 23:06:42,421 INFO com.nopcommerce.user.Level_15_ReportNG_Screenshot] - Login - Step_05: veryfy my account link is displayed
[2024-02-04 23:13:23,588 INFO com.nopcommerce.user.Level_15_ReportNG_Screenshot] - Register - Step_01: Navigate to Register page
[2024-02-04 23:13:24,895 INFO com.nopcommerce.user.Level_15_ReportNG_Screenshot] - Register - Step_02: Input to first name text box isTran
[2024-02-04 23:13:25,180 INFO com.nopcommerce.user.Level_15_ReportNG_Screenshot] - Register - Step_03: Input to last name text box isThuy
[2024-02-04 23:13:25,293 INFO com.nopcommerce.user.Level_15_ReportNG_Screenshot] - Register - Step_04: Input to email text box isabc2825@gmail.com
[2024-02-04 23:13:25,373 INFO com.nopcommerce.user.Level_15_ReportNG_Screenshot] - Register - Step_05: Input to password text box is123456
[2024-02-04 23:13:25,439 INFO com.nopcommerce.user.Level_15_ReportNG_Screenshot] - Register - Step_06: Input to confirm password text box is123456
[2024-02-04 23:13:25,534 INFO com.nopcommerce.user.Level_15_ReportNG_Screenshot] - Register - Step_07: Click to Register button
[2024-02-04 23:13:26,124 INFO com.nopcommerce.user.Level_15_ReportNG_Screenshot] - Register - Step_08: veryfy register sucess message
[2024-02-04 23:13:26,287 INFO com.nopcommerce.user.Level_15_ReportNG_Screenshot] - Register - Step_09: Click to continue button
[2024-02-04 23:13:26,651 INFO com.nopcommerce.user.Level_15_ReportNG_Screenshot] - Login - Step_01: Navigate to login page
[2024-02-04 23:13:27,130 INFO com.nopcommerce.user.Level_15_ReportNG_Screenshot] - Login - Step_02: Input to email text box isabc2825@gmail.com
[2024-02-04 23:13:27,242 INFO com.nopcommerce.user.Level_15_ReportNG_Screenshot] - Login - Step_03: Input to password text box is123456
[2024-02-04 23:13:27,311 INFO com.nopcommerce.user.Level_15_ReportNG_Screenshot] - Login - Step_04: Click to login button
[2024-02-04 23:13:27,904 INFO com.nopcommerce.user.Level_15_ReportNG_Screenshot] - Login - Step_05: veryfy my account link is displayed
[2024-02-04 23:16:47,854 INFO com.nopcommerce.user.Level_15_ReportNG_Screenshot] - Register - Step_01: Navigate to Register page
[2024-02-04 23:16:48,954 INFO com.nopcommerce.user.Level_15_ReportNG_Screenshot] - Register - Step_02: Input to first name text box isTran
[2024-02-04 23:16:49,160 INFO com.nopcommerce.user.Level_15_ReportNG_Screenshot] - Register - Step_03: Input to last name text box isThuy
[2024-02-04 23:16:49,256 INFO com.nopcommerce.user.Level_15_ReportNG_Screenshot] - Register - Step_04: Input to email text box isabc4759@gmail.com
[2024-02-04 23:16:49,315 INFO com.nopcommerce.user.Level_15_ReportNG_Screenshot] - Register - Step_05: Input to password text box is123456
[2024-02-04 23:16:49,378 INFO com.nopcommerce.user.Level_15_ReportNG_Screenshot] - Register - Step_06: Input to confirm password text box is123456
[2024-02-04 23:16:49,458 INFO com.nopcommerce.user.Level_15_ReportNG_Screenshot] - Register - Step_07: Click to Register button
[2024-02-04 23:16:50,062 INFO com.nopcommerce.user.Level_15_ReportNG_Screenshot] - Register - Step_08: veryfy register sucess message
[2024-02-04 23:16:50,173 INFO com.nopcommerce.user.Level_15_ReportNG_Screenshot] - Register - Step_09: Click to continue button
[2024-02-04 23:16:50,512 INFO com.nopcommerce.user.Level_15_ReportNG_Screenshot] - Login - Step_01: Navigate to login page
[2024-02-04 23:16:50,943 INFO com.nopcommerce.user.Level_15_ReportNG_Screenshot] - Login - Step_02: Input to email text box isabc4759@gmail.com
[2024-02-04 23:16:51,053 INFO com.nopcommerce.user.Level_15_ReportNG_Screenshot] - Login - Step_03: Input to password text box is123456
[2024-02-04 23:16:51,127 INFO com.nopcommerce.user.Level_15_ReportNG_Screenshot] - Login - Step_04: Click to login button
[2024-02-04 23:16:51,705 INFO com.nopcommerce.user.Level_15_ReportNG_Screenshot] - Login - Step_05: veryfy my account link is displayed
[2024-02-04 23:18:31,146 INFO com.nopcommerce.user.Level_15_ReportNG_Screenshot] - Register - Step_01: Navigate to Register page
[2024-02-04 23:18:32,158 INFO com.nopcommerce.user.Level_15_ReportNG_Screenshot] - Register - Step_02: Input to first name text box isTran
[2024-02-04 23:18:32,342 INFO com.nopcommerce.user.Level_15_ReportNG_Screenshot] - Register - Step_03: Input to last name text box isThuy
[2024-02-04 23:18:32,441 INFO com.nopcommerce.user.Level_15_ReportNG_Screenshot] - Register - Step_04: Input to email text box isabc585@gmail.com
[2024-02-04 23:18:32,503 INFO com.nopcommerce.user.Level_15_ReportNG_Screenshot] - Register - Step_05: Input to password text box is123456
[2024-02-04 23:18:32,561 INFO com.nopcommerce.user.Level_15_ReportNG_Screenshot] - Register - Step_06: Input to confirm password text box is123456
[2024-02-04 23:18:32,613 INFO com.nopcommerce.user.Level_15_ReportNG_Screenshot] - Register - Step_07: Click to Register button
[2024-02-04 23:18:33,207 INFO com.nopcommerce.user.Level_15_ReportNG_Screenshot] - Register - Step_08: veryfy register sucess message
[2024-02-04 23:18:33,334 INFO com.nopcommerce.user.Level_15_ReportNG_Screenshot] - Register - Step_09: Click to continue button
[2024-02-04 23:18:33,671 INFO com.nopcommerce.user.Level_15_ReportNG_Screenshot] - Login - Step_01: Navigate to login page
[2024-02-04 23:18:34,089 INFO com.nopcommerce.user.Level_15_ReportNG_Screenshot] - Login - Step_02: Input to email text box isabc585@gmail.com
[2024-02-04 23:18:34,193 INFO com.nopcommerce.user.Level_15_ReportNG_Screenshot] - Login - Step_03: Input to password text box is123456
[2024-02-04 23:18:34,251 INFO com.nopcommerce.user.Level_15_ReportNG_Screenshot] - Login - Step_04: Click to login button
[2024-02-04 23:18:34,791 INFO com.nopcommerce.user.Level_15_ReportNG_Screenshot] - Login - Step_05: veryfy my account link is displayed
[2024-02-05 14:18:53,542 INFO com.nopcommerce.user.Level_15_ReportNG_Screenshot] - Register - Step_01: Navigate to Register page
[2024-02-05 14:18:54,627 INFO com.nopcommerce.user.Level_15_ReportNG_Screenshot] - Register - Step_02: Input to first name text box isTran
[2024-02-05 14:18:54,915 INFO com.nopcommerce.user.Level_15_ReportNG_Screenshot] - Register - Step_03: Input to last name text box isThuy
[2024-02-05 14:18:54,992 INFO com.nopcommerce.user.Level_15_ReportNG_Screenshot] - Register - Step_04: Input to email text box isabc3369@gmail.com
[2024-02-05 14:18:55,060 INFO com.nopcommerce.user.Level_15_ReportNG_Screenshot] - Register - Step_05: Input to password text box is123456
[2024-02-05 14:18:55,119 INFO com.nopcommerce.user.Level_15_ReportNG_Screenshot] - Register - Step_06: Input to confirm password text box is123456
[2024-02-05 14:18:55,192 INFO com.nopcommerce.user.Level_15_ReportNG_Screenshot] - Register - Step_07: Click to Register button
[2024-02-05 14:18:55,890 INFO com.nopcommerce.user.Level_15_ReportNG_Screenshot] - Register - Step_08: veryfy register sucess message
[2024-02-05 14:18:56,022 INFO com.nopcommerce.user.Level_15_ReportNG_Screenshot] - Register - Step_09: Click to continue button
[2024-02-05 14:18:56,389 INFO com.nopcommerce.user.Level_15_ReportNG_Screenshot] - Login - Step_01: Navigate to login page
[2024-02-05 14:18:56,978 INFO com.nopcommerce.user.Level_15_ReportNG_Screenshot] - Login - Step_02: Input to email text box isabc3369@gmail.com
[2024-02-05 14:18:57,083 INFO com.nopcommerce.user.Level_15_ReportNG_Screenshot] - Login - Step_03: Input to password text box is123456
[2024-02-05 14:18:57,158 INFO com.nopcommerce.user.Level_15_ReportNG_Screenshot] - Login - Step_04: Click to login button
[2024-02-05 14:18:57,786 INFO com.nopcommerce.user.Level_15_ReportNG_Screenshot] - Login - Step_05: veryfy my account link is displayed
[2024-02-05 15:38:42,986 INFO com.nopcommerce.user.Level_15_Extend_Screenshort] - Register - Step_01: Navigate to Register page
[2024-02-05 15:38:44,153 INFO com.nopcommerce.user.Level_15_Extend_Screenshort] - Register - Step_02: Input to first name text box isTran
[2024-02-05 15:38:44,433 INFO com.nopcommerce.user.Level_15_Extend_Screenshort] - Register - Step_03: Input to last name text box isThuy
[2024-02-05 15:38:44,519 INFO com.nopcommerce.user.Level_15_Extend_Screenshort] - Register - Step_04: Input to email text box isabc8456@gmail.com
[2024-02-05 15:38:44,597 INFO com.nopcommerce.user.Level_15_Extend_Screenshort] - Register - Step_05: Input to password text box is123456
[2024-02-05 15:38:44,662 INFO com.nopcommerce.user.Level_15_Extend_Screenshort] - Register - Step_06: Input to confirm password text box is123456
[2024-02-05 15:38:44,731 INFO com.nopcommerce.user.Level_15_Extend_Screenshort] - Register - Step_07: Click to Register button
[2024-02-05 15:38:45,402 INFO com.nopcommerce.user.Level_15_Extend_Screenshort] - Register - Step_08: veryfy register sucess message
[2024-02-05 15:38:45,563 INFO com.nopcommerce.user.Level_15_Extend_Screenshort] -  -------------------------- PASSED -------------------------- 
[2024-02-05 15:38:45,564 INFO com.nopcommerce.user.Level_15_Extend_Screenshort] - Register - Step_09: Click to continue button
[2024-02-05 15:38:45,948 INFO com.nopcommerce.user.Level_15_Extend_Screenshort] - Login - Step_01: Navigate to login page
[2024-02-05 15:38:46,403 INFO com.nopcommerce.user.Level_15_Extend_Screenshort] - Login - Step_02: Input to email text box isabc8456@gmail.com
[2024-02-05 15:38:46,504 INFO com.nopcommerce.user.Level_15_Extend_Screenshort] - Login - Step_03: Input to password text box is123456
[2024-02-05 15:38:46,566 INFO com.nopcommerce.user.Level_15_Extend_Screenshort] - Login - Step_04: Click to login button
[2024-02-05 15:38:47,151 INFO com.nopcommerce.user.Level_15_Extend_Screenshort] - Login - Step_05: veryfy my account link is displayed
[2024-02-05 15:38:47,294 INFO com.nopcommerce.user.Level_15_Extend_Screenshort] -  -------------------------- PASSED -------------------------- 
[2024-02-05 15:38:47,294 INFO com.nopcommerce.user.Level_15_Extend_Screenshort] - Login - Step_06: Navigate to My Account page
[2024-02-05 15:38:47,615 INFO com.nopcommerce.user.Level_15_Extend_Screenshort] - Login - Step_07: verify customer info page is displayed
[2024-02-05 15:38:47,713 INFO com.nopcommerce.user.Level_15_Extend_Screenshort] -  -------------------------- PASSED -------------------------- 
[2024-02-05 15:40:29,398 INFO com.nopcommerce.user.Level_15_Extend_Screenshort] - Register - Step_01: Navigate to Register page
[2024-02-05 15:40:30,444 INFO com.nopcommerce.user.Level_15_Extend_Screenshort] - Register - Step_02: Input to first name text box isTran
[2024-02-05 15:40:30,645 INFO com.nopcommerce.user.Level_15_Extend_Screenshort] - Register - Step_03: Input to last name text box isThuy
[2024-02-05 15:40:30,722 INFO com.nopcommerce.user.Level_15_Extend_Screenshort] - Register - Step_04: Input to email text box isabc3740@gmail.com
[2024-02-05 15:40:30,787 INFO com.nopcommerce.user.Level_15_Extend_Screenshort] - Register - Step_05: Input to password text box is123456
[2024-02-05 15:40:30,854 INFO com.nopcommerce.user.Level_15_Extend_Screenshort] - Register - Step_06: Input to confirm password text box is123456
[2024-02-05 15:40:30,964 INFO com.nopcommerce.user.Level_15_Extend_Screenshort] - Register - Step_07: Click to Register button
[2024-02-05 15:40:31,619 INFO com.nopcommerce.user.Level_15_Extend_Screenshort] - Register - Step_08: veryfy register sucess message
[2024-02-05 15:40:31,754 INFO com.nopcommerce.user.Level_15_Extend_Screenshort] - Register - Step_09: Click to continue button
[2024-02-05 15:40:32,101 INFO com.nopcommerce.user.Level_15_Extend_Screenshort] - Login - Step_01: Navigate to login page
[2024-02-05 15:40:32,547 INFO com.nopcommerce.user.Level_15_Extend_Screenshort] - Login - Step_02: Input to email text box isabc3740@gmail.com
[2024-02-05 15:40:32,650 INFO com.nopcommerce.user.Level_15_Extend_Screenshort] - Login - Step_03: Input to password text box is123456
[2024-02-05 15:40:32,733 INFO com.nopcommerce.user.Level_15_Extend_Screenshort] - Login - Step_04: Click to login button
[2024-02-05 15:40:33,281 INFO com.nopcommerce.user.Level_15_Extend_Screenshort] - Login - Step_05: veryfy my account link is displayed
[2024-02-05 15:42:07,764 INFO com.nopcommerce.user.Level_15_Extend_Screenshort] - Register - Step_01: Navigate to Register page
[2024-02-05 15:42:08,292 INFO com.nopcommerce.user.Level_15_Extend_Screenshort] - Register - Step_02: Input to first name text box isTran
[2024-02-05 15:42:08,475 INFO com.nopcommerce.user.Level_15_Extend_Screenshort] - Register - Step_03: Input to last name text box isThuy
[2024-02-05 15:42:08,605 INFO com.nopcommerce.user.Level_15_Extend_Screenshort] - Register - Step_04: Input to email text box isabc2128@gmail.com
[2024-02-05 15:42:08,691 INFO com.nopcommerce.user.Level_15_Extend_Screenshort] - Register - Step_05: Input to password text box is123456
[2024-02-05 15:42:08,756 INFO com.nopcommerce.user.Level_15_Extend_Screenshort] - Register - Step_06: Input to confirm password text box is123456
[2024-02-05 15:42:08,822 INFO com.nopcommerce.user.Level_15_Extend_Screenshort] - Register - Step_07: Click to Register button
[2024-02-05 15:42:09,401 INFO com.nopcommerce.user.Level_15_Extend_Screenshort] - Register - Step_08: veryfy register sucess message
[2024-02-05 15:42:09,530 INFO com.nopcommerce.user.Level_15_Extend_Screenshort] - Register - Step_09: Click to continue button
[2024-02-05 15:42:09,862 INFO com.nopcommerce.user.Level_15_Extend_Screenshort] - Login - Step_01: Navigate to login page
[2024-02-05 15:42:10,293 INFO com.nopcommerce.user.Level_15_Extend_Screenshort] - Login - Step_02: Input to email text box isabc2128@gmail.com
[2024-02-05 15:42:10,390 INFO com.nopcommerce.user.Level_15_Extend_Screenshort] - Login - Step_03: Input to password text box is123456
[2024-02-05 15:42:10,460 INFO com.nopcommerce.user.Level_15_Extend_Screenshort] - Login - Step_04: Click to login button
[2024-02-05 15:42:10,982 INFO com.nopcommerce.user.Level_15_Extend_Screenshort] - Login - Step_05: veryfy my account link is displayed
[2024-02-05 16:09:08,035 INFO com.nopcommerce.user.Level_15_Extend_Screenshort] - Register - Step_01: Navigate to Register page
[2024-02-05 16:09:09,157 INFO com.nopcommerce.user.Level_15_Extend_Screenshort] - Register - Step_02: Input to first name text box isTran
[2024-02-05 16:09:09,402 INFO com.nopcommerce.user.Level_15_Extend_Screenshort] - Register - Step_03: Input to last name text box isThuy
[2024-02-05 16:09:09,485 INFO com.nopcommerce.user.Level_15_Extend_Screenshort] - Register - Step_04: Input to email text box isabc6932@gmail.com
[2024-02-05 16:09:09,558 INFO com.nopcommerce.user.Level_15_Extend_Screenshort] - Register - Step_05: Input to password text box is123456
[2024-02-05 16:09:09,635 INFO com.nopcommerce.user.Level_15_Extend_Screenshort] - Register - Step_06: Input to confirm password text box is123456
[2024-02-05 16:09:09,696 INFO com.nopcommerce.user.Level_15_Extend_Screenshort] - Register - Step_07: Click to Register button
[2024-02-05 16:09:10,330 INFO com.nopcommerce.user.Level_15_Extend_Screenshort] - Register - Step_08: veryfy register sucess message
[2024-02-05 16:09:10,445 INFO com.nopcommerce.user.Level_15_Extend_Screenshort] - Register - Step_09: Click to continue button
[2024-02-05 16:09:10,795 INFO com.nopcommerce.user.Level_15_Extend_Screenshort] - Login - Step_01: Navigate to login page
[2024-02-05 16:09:11,229 INFO com.nopcommerce.user.Level_15_Extend_Screenshort] - Login - Step_02: Input to email text box isabc6932@gmail.com
[2024-02-05 16:09:11,377 INFO com.nopcommerce.user.Level_15_Extend_Screenshort] - Login - Step_03: Input to password text box is123456
[2024-02-05 16:09:11,466 INFO com.nopcommerce.user.Level_15_Extend_Screenshort] - Login - Step_04: Click to login button
[2024-02-05 16:09:12,150 INFO com.nopcommerce.user.Level_15_Extend_Screenshort] - Login - Step_05: veryfy my account link is displayed
[2024-02-05 16:10:13,621 INFO com.nopcommerce.user.Level_15_Extend_Screenshort] - Register - Step_01: Navigate to Register page
[2024-02-05 16:10:14,748 INFO com.nopcommerce.user.Level_15_Extend_Screenshort] - Register - Step_02: Input to first name text box isTran
[2024-02-05 16:10:14,986 INFO com.nopcommerce.user.Level_15_Extend_Screenshort] - Register - Step_03: Input to last name text box isThuy
[2024-02-05 16:10:15,076 INFO com.nopcommerce.user.Level_15_Extend_Screenshort] - Register - Step_04: Input to email text box isabc3577@gmail.com
[2024-02-05 16:10:15,158 INFO com.nopcommerce.user.Level_15_Extend_Screenshort] - Register - Step_05: Input to password text box is123456
[2024-02-05 16:10:15,219 INFO com.nopcommerce.user.Level_15_Extend_Screenshort] - Register - Step_06: Input to confirm password text box is123456
[2024-02-05 16:10:15,283 INFO com.nopcommerce.user.Level_15_Extend_Screenshort] - Register - Step_07: Click to Register button
[2024-02-05 16:10:15,883 INFO com.nopcommerce.user.Level_15_Extend_Screenshort] - Register - Step_08: veryfy register sucess message
[2024-02-05 16:10:15,996 INFO com.nopcommerce.user.Level_15_Extend_Screenshort] - Register - Step_09: Click to continue button
[2024-02-05 16:10:16,345 INFO com.nopcommerce.user.Level_15_Extend_Screenshort] - Login - Step_01: Navigate to login page
[2024-02-05 16:10:16,789 INFO com.nopcommerce.user.Level_15_Extend_Screenshort] - Login - Step_02: Input to email text box isabc3577@gmail.com
[2024-02-05 16:10:16,890 INFO com.nopcommerce.user.Level_15_Extend_Screenshort] - Login - Step_03: Input to password text box is123456
[2024-02-05 16:10:16,949 INFO com.nopcommerce.user.Level_15_Extend_Screenshort] - Login - Step_04: Click to login button
[2024-02-05 16:10:17,498 INFO com.nopcommerce.user.Level_15_Extend_Screenshort] - Login - Step_05: veryfy my account link is displayed
[2024-02-06 21:20:45,999 INFO com.nopcommerce.user.Level_16_Share_Data] - Login - Step_01: Navigate to login page
[2024-02-06 21:20:47,191 INFO com.nopcommerce.user.Level_16_Share_Data] - Login - Step_02: Input to email text box isabc8656@gmail.com
[2024-02-06 21:20:47,389 INFO com.nopcommerce.user.Level_16_Share_Data] - Login - Step_03: Input to password text box is123456
[2024-02-06 21:20:47,486 INFO com.nopcommerce.user.Level_16_Share_Data] - Login - Step_04: Click to login button
[2024-02-06 21:24:30,480 INFO com.nopcommerce.user.Level_16_Share_Data] - Login - Step_01: Navigate to login page
[2024-02-06 21:24:31,760 INFO com.nopcommerce.user.Level_16_Share_Data] - Login - Step_02: Input to email text box isabc8792@gmail.com
[2024-02-06 21:24:31,935 INFO com.nopcommerce.user.Level_16_Share_Data] - Login - Step_03: Input to password text box is123456
[2024-02-06 21:24:32,023 INFO com.nopcommerce.user.Level_16_Share_Data] - Login - Step_04: Click to login button
[2024-02-06 21:30:54,932 INFO com.nopcommerce.user.Level_16_Share_Data] - Pre-Condition - Step_01: Navigate to login page
[2024-02-06 21:30:56,593 INFO com.nopcommerce.user.Level_16_Share_Data] - Pre-Condition - Step_02: Input to email text box isabc2206@gmail.com
[2024-02-06 21:30:56,789 INFO com.nopcommerce.user.Level_16_Share_Data] - Pre-Condition - Step_03: Input to password text box is123456
[2024-02-06 21:30:56,911 INFO com.nopcommerce.user.Level_16_Share_Data] - Pre-Condition - Step_04: Click to login button
[2024-02-06 21:59:10,287 INFO com.nopcommerce.user.Level_16_Share_Data_Cookie] - Pre-Condition - Step_01: Navigate to login page
[2024-02-06 21:59:11,566 INFO com.nopcommerce.user.Level_16_Share_Data_Cookie] - Pre-Condition - Step_02: Set cookie and reload page
[2024-02-06 21:59:14,613 INFO com.nopcommerce.user.Level_16_Share_Data_Cookie] - Login - Step_03: veryfy my account link is displayed
[2024-02-06 22:02:18,340 INFO com.nopcommerce.user.Level_16_Share_Data_Cookie] - Pre-Condition - Step_01: Navigate to login page
[2024-02-06 22:02:19,414 INFO com.nopcommerce.user.Level_16_Share_Data_Cookie] - Pre-Condition - Step_02: Set cookie and reload page
[2024-02-06 22:02:22,498 INFO com.nopcommerce.user.Level_16_Share_Data_Cookie] - Login - Step_03: verify my account link is displayed
[2024-02-06 22:04:43,327 INFO com.nopcommerce.user.Level_16_Share_Data_Cookie] - Pre-Condition - Step_01: Navigate to login page
[2024-02-06 22:04:44,526 INFO com.nopcommerce.user.Level_16_Share_Data_Cookie] - Pre-Condition - Step_02: Set cookie and reload page
[2024-02-06 22:04:47,575 INFO com.nopcommerce.user.Level_16_Share_Data_Cookie] - Login - Step_03: verify my account link is displayed
[2024-02-06 22:08:41,335 INFO com.nopcommerce.user.Level_16_Share_Data_Cookie] - Pre-Condition - Step_01: Navigate to login page
[2024-02-06 22:08:42,463 INFO com.nopcommerce.user.Level_16_Share_Data_Cookie] - Pre-Condition - Step_02: Set cookie and reload page
[2024-02-06 22:08:45,517 INFO com.nopcommerce.user.Level_16_Share_Data_Cookie] - Login - Step_03: verify my account link is displayed
[2024-02-06 22:14:54,937 INFO com.nopcommerce.user.Level_16_Share_Data_Cookie] - Pre-Condition - Step_01: Navigate to login page
[2024-02-06 22:14:56,134 INFO com.nopcommerce.user.Level_16_Share_Data_Cookie] - Pre-Condition - Step_02: Set cookie and reload page
[2024-02-06 22:14:59,232 INFO com.nopcommerce.user.Level_16_Share_Data_Cookie] - Login - Step_03: verify my account link is displayed
[2024-02-06 22:18:13,617 INFO com.nopcommerce.user.Level_16_Share_Data_Cookie] - Pre-Condition - Step_01: Navigate to login page
[2024-02-06 22:18:15,096 INFO com.nopcommerce.user.Level_16_Share_Data_Cookie] - Pre-Condition - Step_02: Set cookie and reload page
[2024-02-06 22:18:18,278 INFO com.nopcommerce.user.Level_16_Share_Data_Cookie] - Login - Step_03: verify my account link is displayed
[2024-02-06 22:20:14,279 INFO com.nopcommerce.user.Level_16_Share_Data_Cookie] - Pre-Condition - Step_01: Navigate to login page
[2024-02-06 22:20:15,628 INFO com.nopcommerce.user.Level_16_Share_Data_Cookie] - Pre-Condition - Step_02: Set cookie and reload page
[2024-02-06 22:20:18,763 INFO com.nopcommerce.user.Level_16_Share_Data_Cookie] - Login - Step_03: verify my account link is displayed
[2024-02-06 22:25:11,002 INFO com.nopcommerce.user.Level_16_Share_Data_Cookie] - Pre-Condition - Step_01: Navigate to login page
[2024-02-06 22:25:11,729 INFO com.nopcommerce.user.Level_16_Share_Data_Cookie] - Pre-Condition - Step_02: Set cookie and reload page
[2024-02-06 22:25:14,288 INFO com.nopcommerce.user.Level_16_Share_Data_Cookie] - Login - Step_03: verify my account link is displayed
[2024-02-06 22:52:07,675 INFO com.nopcommerce.user.Level_16_Share_Data_Cookie] - Pre-Condition - Step_01: Navigate to login page
[2024-02-06 22:52:08,922 INFO com.nopcommerce.user.Level_16_Share_Data_Cookie] - Pre-Condition - Step_02: Set cookie and reload page
[2024-02-06 22:52:11,381 INFO com.nopcommerce.user.Level_16_Share_Data_Cookie] - Login - Step_03: verify my account link is displayed
[2024-02-06 22:59:40,991 INFO com.nopcommerce.user.Level_16_Share_Data_Cookie] - Pre-Condition - Step_01: Navigate to login page
[2024-02-06 22:59:41,634 INFO com.nopcommerce.user.Level_16_Share_Data_Cookie] - Pre-Condition - Step_02: Set cookie and reload page
[2024-02-06 22:59:45,125 INFO com.nopcommerce.user.Level_16_Share_Data_Cookie] - Login - Step_03: verify my account link is displayed
[2024-02-08 21:26:23,937 INFO com.nopcommerce.user.Level_16_Share_Data_Cookie] - Pre-Condition - Step_01: Navigate to login page
[2024-02-08 21:26:25,466 INFO com.nopcommerce.user.Level_16_Share_Data_Cookie] - Pre-Condition - Step_02: Set cookie and reload page
[2024-02-08 22:27:59,789 INFO com.nopcommerce.user.Level_18_Parttern_Object] - Register - Step_01: Navigate to Register page
[2024-02-08 22:28:00,469 INFO com.nopcommerce.user.Level_18_Parttern_Object] - Register - Step_02: Input to first name text box isTran
[2024-02-08 22:28:00,693 INFO com.nopcommerce.user.Level_18_Parttern_Object] - Register - Step_03: Input to last name text box isThuy
[2024-02-08 22:28:00,862 INFO com.nopcommerce.user.Level_18_Parttern_Object] - Register - Step_04: Input to email text box isabc6813@gmail.com
[2024-02-08 22:28:01,042 INFO com.nopcommerce.user.Level_18_Parttern_Object] - Register - Step_05: Input to password text box is123456
[2024-02-08 22:28:01,172 INFO com.nopcommerce.user.Level_18_Parttern_Object] - Register - Step_06: Input to confirm password text box is123456
[2024-02-08 22:28:01,336 INFO com.nopcommerce.user.Level_18_Parttern_Object] - Register - Step_07: Click to Register button
[2024-02-08 22:28:01,337 INFO com.nopcommerce.user.Level_18_Parttern_Object] - Register - Step_08: veryfy register sucess message
[2024-02-08 22:28:31,638 INFO com.nopcommerce.user.Level_18_Parttern_Object] - Login - Step_01: Navigate to login page
[2024-02-08 22:28:58,535 INFO com.nopcommerce.user.Level_18_Parttern_Object] - Register - Step_01: Navigate to Register page
[2024-02-08 22:28:59,772 INFO com.nopcommerce.user.Level_18_Parttern_Object] - Register - Step_02: Input to first name text box isTran
[2024-02-08 22:28:59,993 INFO com.nopcommerce.user.Level_18_Parttern_Object] - Register - Step_03: Input to last name text box isThuy
[2024-02-08 22:29:00,094 INFO com.nopcommerce.user.Level_18_Parttern_Object] - Register - Step_04: Input to email text box isabc1408@gmail.com
[2024-02-08 22:29:00,176 INFO com.nopcommerce.user.Level_18_Parttern_Object] - Register - Step_05: Input to password text box is123456
[2024-02-08 22:29:00,237 INFO com.nopcommerce.user.Level_18_Parttern_Object] - Register - Step_06: Input to confirm password text box is123456
[2024-02-08 22:29:00,291 INFO com.nopcommerce.user.Level_18_Parttern_Object] - Register - Step_07: Click to Register button
[2024-02-08 22:29:00,291 INFO com.nopcommerce.user.Level_18_Parttern_Object] - Register - Step_08: veryfy register sucess message
[2024-02-08 22:29:09,712 INFO com.nopcommerce.user.Level_18_Parttern_Object] - Login - Step_01: Navigate to login page
[2024-02-08 22:29:09,732 INFO com.nopcommerce.user.Level_18_Parttern_Object] - OS name = windows 10
[2024-02-08 22:29:09,736 INFO com.nopcommerce.user.Level_18_Parttern_Object] - Driver instance name = firefoxdriver: firefox on windows (6ae59d23-5c8b-4762-971f-fe09f59e080d)
[2024-02-08 22:29:09,755 INFO com.nopcommerce.user.Level_18_Parttern_Object] - Tried to run command without establishing a connection
Build info: version: '3.141.59', revision: 'e82be7d358', time: '2018-11-14T08:25:53'
System info: host: 'DESKTOP-G1KMTQH', ip: '192.168.176.1', os.name: 'Windows 10', os.arch: 'amd64', os.version: '10.0', java.version: '17.0.9'
Driver info: org.openqa.selenium.firefox.FirefoxDriver
Capabilities {acceptInsecureCerts: true, browserName: firefox, browserVersion: 122.0.1, javascriptEnabled: true, moz:accessibilityChecks: false, moz:buildID: 20240205133611, moz:geckodriverVersion: 0.34.0, moz:headless: false, moz:platformVersion: 10.0, moz:processID: 16364, moz:profile: C:\Users\TRANTHUY\AppData\L..., moz:shutdownTimeout: 60000, moz:webdriverClick: true, moz:windowless: false, pageLoadStrategy: normal, platform: WINDOWS, platformName: WINDOWS, proxy: Proxy(), setWindowRect: true, strictFileInteractability: false, timeouts: {implicit: 0, pageLoad: 300000, script: 30000}, unhandledPromptBehavior: dismiss and notify}
Session ID: 6ae59d23-5c8b-4762-971f-fe09f59e080d
[2024-02-08 22:30:11,633 INFO com.nopcommerce.user.Level_18_Parttern_Object] - OS name = windows 10
[2024-02-08 22:30:11,635 INFO com.nopcommerce.user.Level_18_Parttern_Object] - Cannot invoke "Object.toString()" because "this.driver" is null
[2024-02-08 22:30:31,491 INFO com.nopcommerce.user.Level_18_Parttern_Object] - Register - Step_01: Navigate to Register page
[2024-02-08 22:30:32,530 INFO com.nopcommerce.user.Level_18_Parttern_Object] - Register - Step_02: Input to first name text box isTran
[2024-02-08 22:30:32,714 INFO com.nopcommerce.user.Level_18_Parttern_Object] - Register - Step_03: Input to last name text box isThuy
[2024-02-08 22:30:32,793 INFO com.nopcommerce.user.Level_18_Parttern_Object] - Register - Step_04: Input to email text box isabc9011@gmail.com
[2024-02-08 22:30:32,865 INFO com.nopcommerce.user.Level_18_Parttern_Object] - Register - Step_05: Input to password text box is123456
[2024-02-08 22:30:32,931 INFO com.nopcommerce.user.Level_18_Parttern_Object] - Register - Step_06: Input to confirm password text box is123456
[2024-02-08 22:30:32,994 INFO com.nopcommerce.user.Level_18_Parttern_Object] - Register - Step_07: Click to Register button
[2024-02-08 22:30:32,994 INFO com.nopcommerce.user.Level_18_Parttern_Object] - Register - Step_08: veryfy register sucess message
[2024-02-08 22:31:13,605 INFO com.nopcommerce.user.Level_18_Parttern_Object] - Login - Step_01: Navigate to login page
[2024-02-08 22:31:14,532 INFO com.nopcommerce.user.Level_18_Parttern_Object] - Login - Step_02: Input to email text box isabc9011@gmail.com
[2024-02-08 22:31:14,653 INFO com.nopcommerce.user.Level_18_Parttern_Object] - Login - Step_03: Input to password text box is123456
[2024-02-08 22:31:14,716 INFO com.nopcommerce.user.Level_18_Parttern_Object] - Login - Step_04: Click to login button
[2024-02-08 22:31:15,088 INFO com.nopcommerce.user.Level_18_Parttern_Object] - Login - Step_05: veryfy my account link is displayed
[2024-02-08 22:31:55,669 INFO com.nopcommerce.user.Level_18_Parttern_Object] - OS name = windows 10
[2024-02-08 22:31:55,669 INFO com.nopcommerce.user.Level_18_Parttern_Object] - Driver instance name = firefoxdriver: firefox on windows (20a1ef70-ea57-47de-a9b9-3b46a4cb51dc)
[2024-02-08 22:34:31,658 INFO com.nopcommerce.user.Level_18_Parttern_Object] - Register - Step_01: Navigate to Register page
[2024-02-08 22:34:32,757 INFO com.nopcommerce.user.Level_18_Parttern_Object] - Register - Step_02: Input to first name text box isTran
[2024-02-08 22:34:32,948 INFO com.nopcommerce.user.Level_18_Parttern_Object] - Register - Step_03: Input to last name text box isThuy
[2024-02-08 22:34:33,026 INFO com.nopcommerce.user.Level_18_Parttern_Object] - Register - Step_04: Input to email text box isabc890@gmail.com
[2024-02-08 22:34:33,105 INFO com.nopcommerce.user.Level_18_Parttern_Object] - Register - Step_05: Input to password text box is123456
[2024-02-08 22:34:33,168 INFO com.nopcommerce.user.Level_18_Parttern_Object] - Register - Step_06: Input to confirm password text box is123456
[2024-02-08 22:34:33,224 INFO com.nopcommerce.user.Level_18_Parttern_Object] - Register - Step_07: Click to Register button
[2024-02-08 22:34:33,224 INFO com.nopcommerce.user.Level_18_Parttern_Object] - Register - Step_08: veryfy register sucess message
[2024-02-08 22:35:13,843 INFO com.nopcommerce.user.Level_18_Parttern_Object] - Login - Step_01: Navigate to login page
[2024-02-08 22:35:15,068 INFO com.nopcommerce.user.Level_18_Parttern_Object] - Login - Step_02: Input to email text box isabc890@gmail.com
[2024-02-08 22:35:15,263 INFO com.nopcommerce.user.Level_18_Parttern_Object] - Login - Step_03: Input to password text box is123456
[2024-02-08 22:35:15,341 INFO com.nopcommerce.user.Level_18_Parttern_Object] - Login - Step_04: Click to login button
[2024-02-08 22:35:15,692 INFO com.nopcommerce.user.Level_18_Parttern_Object] - Login - Step_05: veryfy my account link is displayed
[2024-02-08 22:35:59,092 INFO com.nopcommerce.user.Level_18_Parttern_Object] - Register - Step_01: Navigate to Register page
[2024-02-08 22:36:00,236 INFO com.nopcommerce.user.Level_18_Parttern_Object] - Register - Step_02: Input to first name text box isTran
[2024-02-08 22:36:00,418 INFO com.nopcommerce.user.Level_18_Parttern_Object] - Register - Step_03: Input to last name text box isThuy
[2024-02-08 22:36:00,490 INFO com.nopcommerce.user.Level_18_Parttern_Object] - Register - Step_04: Input to email text box isabc5791@gmail.com
[2024-02-08 22:36:00,555 INFO com.nopcommerce.user.Level_18_Parttern_Object] - Register - Step_05: Input to password text box is123456
[2024-02-08 22:36:00,628 INFO com.nopcommerce.user.Level_18_Parttern_Object] - Register - Step_06: Input to confirm password text box is123456
[2024-02-08 22:36:00,688 INFO com.nopcommerce.user.Level_18_Parttern_Object] - Register - Step_07: Click to Register button
[2024-02-08 22:36:00,688 INFO com.nopcommerce.user.Level_18_Parttern_Object] - Register - Step_08: veryfy register sucess message
[2024-02-08 22:36:41,295 INFO com.nopcommerce.user.Level_18_Parttern_Object] - Login - Step_01: Navigate to login page
[2024-02-08 22:36:42,218 INFO com.nopcommerce.user.Level_18_Parttern_Object] - Login - Step_02: Input to email text box isabc5791@gmail.com
[2024-02-08 22:36:42,348 INFO com.nopcommerce.user.Level_18_Parttern_Object] - Login - Step_03: Input to password text box is123456
[2024-02-08 22:36:42,423 INFO com.nopcommerce.user.Level_18_Parttern_Object] - Login - Step_04: Click to login button
[2024-02-08 22:36:43,295 INFO com.nopcommerce.user.Level_18_Parttern_Object] - Login - Step_05: veryfy my account link is displayed
[2024-02-08 22:36:50,049 INFO com.nopcommerce.user.Level_18_Parttern_Object] - OS name = windows 10
[2024-02-08 22:36:50,050 INFO com.nopcommerce.user.Level_18_Parttern_Object] - Driver instance name = firefoxdriver: firefox on windows (7e58babb-52c6-435b-93ef-e1a961a832c5)
[2024-02-08 22:36:50,058 INFO com.nopcommerce.user.Level_18_Parttern_Object] - Browsing context has been discarded
Build info: version: '3.141.59', revision: 'e82be7d358', time: '2018-11-14T08:25:53'
System info: host: 'DESKTOP-G1KMTQH', ip: '192.168.176.1', os.name: 'Windows 10', os.arch: 'amd64', os.version: '10.0', java.version: '17.0.9'
Driver info: org.openqa.selenium.firefox.FirefoxDriver
Capabilities {acceptInsecureCerts: true, browserName: firefox, browserVersion: 122.0.1, javascriptEnabled: true, moz:accessibilityChecks: false, moz:buildID: 20240205133611, moz:geckodriverVersion: 0.34.0, moz:headless: false, moz:platformVersion: 10.0, moz:processID: 3176, moz:profile: C:\Users\TRANTHUY\AppData\L..., moz:shutdownTimeout: 60000, moz:webdriverClick: true, moz:windowless: false, pageLoadStrategy: normal, platform: WINDOWS, platformName: WINDOWS, proxy: Proxy(), setWindowRect: true, strictFileInteractability: false, timeouts: {implicit: 0, pageLoad: 300000, script: 30000}, unhandledPromptBehavior: dismiss and notify}
Session ID: 7e58babb-52c6-435b-93ef-e1a961a832c5
[2024-02-08 22:37:16,598 INFO com.nopcommerce.user.Level_18_Parttern_Object] - Register - Step_01: Navigate to Register page
[2024-02-08 22:37:17,647 INFO com.nopcommerce.user.Level_18_Parttern_Object] - Register - Step_02: Input to first name text box isTran
[2024-02-08 22:37:17,860 INFO com.nopcommerce.user.Level_18_Parttern_Object] - Register - Step_03: Input to last name text box isThuy
[2024-02-08 22:37:17,939 INFO com.nopcommerce.user.Level_18_Parttern_Object] - Register - Step_04: Input to email text box isabc4890@gmail.com
[2024-02-08 22:37:18,000 INFO com.nopcommerce.user.Level_18_Parttern_Object] - Register - Step_05: Input to password text box is123456
[2024-02-08 22:37:18,064 INFO com.nopcommerce.user.Level_18_Parttern_Object] - Register - Step_06: Input to confirm password text box is123456
[2024-02-08 22:37:18,130 INFO com.nopcommerce.user.Level_18_Parttern_Object] - Register - Step_07: Click to Register button
[2024-02-08 22:37:18,130 INFO com.nopcommerce.user.Level_18_Parttern_Object] - Register - Step_08: veryfy register sucess message
[2024-02-08 22:38:25,254 INFO com.nopcommerce.user.Level_18_Parttern_Object] - Register - Step_01: Navigate to Register page
[2024-02-08 22:38:26,379 INFO com.nopcommerce.user.Level_18_Parttern_Object] - Register - Step_02: Input to first name text box isTran
[2024-02-08 22:38:26,600 INFO com.nopcommerce.user.Level_18_Parttern_Object] - Register - Step_03: Input to last name text box isThuy
[2024-02-08 22:38:26,677 INFO com.nopcommerce.user.Level_18_Parttern_Object] - Register - Step_04: Input to email text box isabc9109@gmail.com
[2024-02-08 22:38:26,792 INFO com.nopcommerce.user.Level_18_Parttern_Object] - Register - Step_05: Input to password text box is123456
[2024-02-08 22:38:26,880 INFO com.nopcommerce.user.Level_18_Parttern_Object] - Register - Step_06: Input to confirm password text box is123456
[2024-02-08 22:38:26,953 INFO com.nopcommerce.user.Level_18_Parttern_Object] - Register - Step_07: Click to Register button
[2024-02-08 22:38:27,574 INFO com.nopcommerce.user.Level_18_Parttern_Object] - Register - Step_08: veryfy register sucess message
[2024-02-08 22:38:27,697 INFO com.nopcommerce.user.Level_18_Parttern_Object] - Register - Step_09: Click to continue button
[2024-02-08 22:38:28,136 INFO com.nopcommerce.user.Level_18_Parttern_Object] - Login - Step_01: Navigate to login page
[2024-02-08 22:38:28,500 INFO com.nopcommerce.user.Level_18_Parttern_Object] - Login - Step_02: Input to email text box isabc9109@gmail.com
[2024-02-08 22:38:28,598 INFO com.nopcommerce.user.Level_18_Parttern_Object] - Login - Step_03: Input to password text box is123456
[2024-02-08 22:38:28,665 INFO com.nopcommerce.user.Level_18_Parttern_Object] - Login - Step_04: Click to login button
[2024-02-08 22:38:29,203 INFO com.nopcommerce.user.Level_18_Parttern_Object] - Login - Step_05: veryfy my account link is displayed
[2024-02-08 22:38:29,513 INFO com.nopcommerce.user.Level_18_Parttern_Object] - OS name = windows 10
[2024-02-08 22:38:29,513 INFO com.nopcommerce.user.Level_18_Parttern_Object] - Driver instance name = firefoxdriver: firefox on windows (fd35feeb-d6a8-4719-a317-7acffd16a0ef)
[2024-02-08 22:39:11,325 INFO com.nopcommerce.user.Level_18_Parttern_Object] - Register - Step_01: Navigate to Register page
[2024-02-08 22:39:12,405 INFO com.nopcommerce.user.Level_18_Parttern_Object] - Register - Step_02: Input to first name text box isTran
[2024-02-08 22:39:12,618 INFO com.nopcommerce.user.Level_18_Parttern_Object] - Register - Step_03: Input to last name text box isThuy
[2024-02-08 22:39:12,689 INFO com.nopcommerce.user.Level_18_Parttern_Object] - Register - Step_04: Input to email text box isabc8407@gmail.com
[2024-02-08 22:39:12,750 INFO com.nopcommerce.user.Level_18_Parttern_Object] - Register - Step_05: Input to password text box is123456
[2024-02-08 22:39:12,808 INFO com.nopcommerce.user.Level_18_Parttern_Object] - Register - Step_06: Input to confirm password text box is123456
[2024-02-08 22:39:12,879 INFO com.nopcommerce.user.Level_18_Parttern_Object] - Register - Step_07: Click to Register button
[2024-02-08 22:39:13,580 INFO com.nopcommerce.user.Level_18_Parttern_Object] - Register - Step_08: veryfy register sucess message
[2024-02-08 22:39:13,722 INFO com.nopcommerce.user.Level_18_Parttern_Object] - Register - Step_09: Click to continue button
[2024-02-08 22:39:14,189 INFO com.nopcommerce.user.Level_18_Parttern_Object] - Login - Step_01: Navigate to login page
[2024-02-08 22:39:14,596 INFO com.nopcommerce.user.Level_18_Parttern_Object] - Login - Step_02: Input to email text box isabc8407@gmail.com
[2024-02-08 22:39:14,687 INFO com.nopcommerce.user.Level_18_Parttern_Object] - Login - Step_03: Input to password text box is123456
[2024-02-08 22:39:14,746 INFO com.nopcommerce.user.Level_18_Parttern_Object] - Login - Step_04: Click to login button
[2024-02-08 22:39:15,367 INFO com.nopcommerce.user.Level_18_Parttern_Object] - Login - Step_05: veryfy my account link is displayed
[2024-02-08 22:39:15,546 INFO com.nopcommerce.user.Level_18_Parttern_Object] - Login - Step_06: Navigate to My Account page
[2024-02-08 22:39:15,910 INFO com.nopcommerce.user.Level_18_Parttern_Object] - Login - Step_07: verify customer info page is displayed
[2024-02-08 22:39:16,088 INFO com.nopcommerce.user.Level_18_Parttern_Object] - OS name = windows 10
[2024-02-08 22:39:16,089 INFO com.nopcommerce.user.Level_18_Parttern_Object] - Driver instance name = firefoxdriver: firefox on windows (4165df4d-87e9-4c57-a94e-2db64d805c62)
[2024-02-08 22:39:58,179 INFO com.nopcommerce.user.Level_18_Parttern_Object] - Register - Step_01: Navigate to Register page
[2024-02-08 22:39:59,232 INFO com.nopcommerce.user.Level_18_Parttern_Object] - Register - Step_02: Input to first name text box isTran
[2024-02-08 22:39:59,410 INFO com.nopcommerce.user.Level_18_Parttern_Object] - Register - Step_03: Input to last name text box isThuy
[2024-02-08 22:39:59,498 INFO com.nopcommerce.user.Level_18_Parttern_Object] - Register - Step_04: Input to email text box isabc6270@gmail.com
[2024-02-08 22:39:59,565 INFO com.nopcommerce.user.Level_18_Parttern_Object] - Register - Step_05: Input to password text box is123456
[2024-02-08 22:39:59,633 INFO com.nopcommerce.user.Level_18_Parttern_Object] - Register - Step_06: Input to confirm password text box is123456
[2024-02-08 22:39:59,685 INFO com.nopcommerce.user.Level_18_Parttern_Object] - Register - Step_07: Click to Register button
[2024-02-08 22:40:00,284 INFO com.nopcommerce.user.Level_18_Parttern_Object] - Register - Step_08: veryfy register sucess message
[2024-02-08 22:40:00,412 INFO com.nopcommerce.user.Level_18_Parttern_Object] - Register - Step_09: Click to continue button
[2024-02-08 22:40:00,893 INFO com.nopcommerce.user.Level_18_Parttern_Object] - Login - Step_01: Navigate to login page
[2024-02-08 22:40:01,261 INFO com.nopcommerce.user.Level_18_Parttern_Object] - Login - Step_02: Input to email text box isabc6270@gmail.com
[2024-02-08 22:40:01,360 INFO com.nopcommerce.user.Level_18_Parttern_Object] - Login - Step_03: Input to password text box is123456
[2024-02-08 22:40:01,418 INFO com.nopcommerce.user.Level_18_Parttern_Object] - Login - Step_04: Click to login button
[2024-02-08 22:40:01,979 INFO com.nopcommerce.user.Level_18_Parttern_Object] - Login - Step_05: veryfy my account link is displayed
[2024-02-08 22:40:02,103 INFO com.nopcommerce.user.Level_18_Parttern_Object] - Login - Step_06: Navigate to My Account page
[2024-02-08 22:40:02,431 INFO com.nopcommerce.user.Level_18_Parttern_Object] - Login - Step_07: verify customer info page is displayed
[2024-02-08 22:40:02,529 INFO com.nopcommerce.user.Level_18_Parttern_Object] - OS name = windows 10
[2024-02-08 22:40:02,530 INFO com.nopcommerce.user.Level_18_Parttern_Object] - Driver instance name = firefoxdriver: firefox on windows (db3c1e2b-1909-46a1-9950-5705c414a44a)
